 ETo studies - 60mm deficit - 3 day avg ETo forecast - 5% Hi

 Simulation run:- 25 Mar 2014  11:08   (OZCOT ver 2011, 9, 1, 0)              

 Mode 2: analysis of strategy, risk or "what if" scenario.
 Using met data file with id "  BREE", starting on day   1, 1960.
 APSIM 2001 format. Latitude  -31.25, Longitude  150.46.
 Variety S71B; Rowspacing 1.0 m;  12 plants per m row; sowing depth 5.0 cm.
 Irrigated crop; solid plant.
 Sowing on day 289, specified in AGRON.INP file.
 OZCOT decides when to irrigate.
 Water up   1 days after sowing.
 Crop irrigated at  60 mm deficit; allocation  12.0 Ml per ha; efficiency  85%.
 No irrigation until   5 days after 1st square; nor after  60% bolls open.
 Soil nitrogen  200. kg per ha;
 Fertiliser N  100. kg per ha applied on day 360.
 Soil water not reset at start of season.

 *******************************************************************************************************************


 YEAR SOWN   BOLL  LINT_Kg BALES  SCBO  MLAI  NUPT  MAT  DFS  DFF  DFB   ET NoIR PREI IRIG NoRD RAIN IRSW SWDE  dSW RUNO TOTI   WUE

 1960  289  144.7   2699.9 11.89  4.66  3.93  187.  127  348   14   69  730    8    0  601   35  455  511  220  -41  147  729  3.70
 1961  288  113.6   2137.5  9.42  4.70  3.60  184.   98  338    4   62  683    6    0  448   56  559  380  249  -86  100  702  3.13
 1962  288  102.0   1848.4  8.14  4.53  3.63  180.   90  346   14   63  657    7    0  486   46  507  413  252  -60  137  666  2.81
 1963  288  137.9   2505.2 11.04  4.54  4.40  189.  100  345    7   62  753    8    0  529   40  491  450  236   -9  127  744  3.33
 1964  289  115.1   2314.7 10.20  5.03  3.51  188.  126  353   16   63  811   12    0  794   30  150  675  205   32    4  795  2.85
 1965  288   96.8   1811.1  7.98  4.68  3.56  193.   76  338    3   50  677    9    0  689   30  262  586  248  -69   61  686  2.68
 1966  288  120.0   2312.7 10.19  4.82  3.24  188.  101  348   11   61  762   10    0  642   39  443  546  210   16  181  779  3.03
 1967  288  142.0   2665.7 11.74  4.69  3.75  181.  109  341    6   58  752   10    0  690   36  339  586  243  -51   75  756  3.54
 1968  289  131.6   2659.6 11.72  5.05  3.19  190.  113  339    6   54  820    9    0  623   35  399  530  234   -7   58  809  3.24
 1969  288  127.8   2295.4 10.11  4.49  4.70  185.  118  349   15   69  720    8    0  509   49  489  433  234    4  138  720  3.19
 1970  288   80.5   1744.1  7.68  5.41  3.90  166.    0  348   14   80  682    7    0  454   50  688  386  204   19  315  712  2.56
 1971  288  124.4   2030.4  8.94  4.08  4.42  183.  127  352   17   77  660    8    0  548   34  311  466  241  -61    0  664  3.08
 1972  289  136.0   2606.2 11.48  4.79  4.12  194.  112  346    3   48  866   11    0  749   41  509  637  232  -42  178  874  3.01
 1973  288  135.8   2578.9 11.36  4.75  4.00  180.  121  340    4   60  773    8    0  521   39  590  443  217   21  226  774  3.34
 1974  288  116.6   2132.8  9.40  4.57  3.60  186.  114  350   10   70  625    8    0  584   38  320  497  237  -67   60  644  3.41
 1975  288  136.9   2583.2 11.38  4.72  4.09  187.  127  341    4   59  676    5    0  335   47  588  285  200    0  141  684  3.82
 1976  289   92.2   1755.6  7.73  4.76  3.91  186.   98  351   13   63  700    7    0  453   56  670  385  252  -35  262  706  2.51
 1977  288  132.7   2571.8 11.33  4.85  4.26  187.  109  337  364   51  783   12    0  816   41  248  629  211   -4   41  775  3.28
 1978  288  140.4   2678.2 11.80  4.77  3.48  186.  120  347   11   57  820   11    0  742   39  340  631  240  -11   85  793  3.27
 1979  288  122.2   2501.2 11.02  5.12  3.57  194.  117  337  360   49  951   14    0  977   35  219  830  225  -24   23  962  2.63
 1980  289  136.5   2471.7 10.89  4.53  3.74  198.   79  336  363   40  800   12    0  895   20  215  692  212  -43   37  789  3.09
 1981  288  116.1   2190.1  9.65  4.71  3.23  190.   95  349    9   61  760   10    0  671   32  392  570  235  -23  127  753  2.88
 1982  288  147.6   2697.9 11.89  4.57  2.96  191.  100  338  363   45  806   11    0  816   22  192  693  211  -31   19  795  3.35
 1983  288  129.6   2252.6  9.92  4.35  4.46  191.  113  347   11   66  687    6    0  379   46  632  322  223   -3  192  697  3.28
 1984  289  131.2   2630.7 11.59  5.01  3.73  187.  131  346   10   61  855   11    0  790   44  372  671  206  -28  106  860  3.08
 1985  288  138.2   2711.6 11.95  4.91  4.02  192.  137  348   12   63  932   12    0  753   45  398  640  208   40  105  928  2.91
 1986  288  121.7   2288.4 10.08  4.70  3.33  189.  102  351   13   61  692    9    0  617   30  336  524  207  -16   98  699  3.31
 1987  288  130.4   2445.1 10.77  4.69  3.90  187.   96  346    8   59  688    8    0  538   40  361  457  249  -34   60  674  3.55
 1988  289  134.0   2574.9 11.34  4.80  4.19  194.   92  340    2   55  669    9    0  619   34  351  526  252  -45  129  642  3.85
 1989  288  129.2   2421.7 10.67  4.69  4.40  197.   93  344    6   54  752    9    0  646   62  418  549  251  -84   85  722  3.22
 1990  288  128.5   2575.4 11.35  5.01  4.09  187.  124  341  365   47  824   11    0  748   46  398  636  244  -57  103  798  3.13
 1991  288  128.5   2267.5  9.99  4.41  4.14  186.  138  341    7   55  740    9    0  677   69  465  576  242  -54  163  747  3.06
 1992  289  111.0   2328.3 10.26  5.24  3.74  195.  104  353   14   60  788   10    0  693   67  323  589  244  -54   22  796  2.95
 1993  288   98.5   1928.0  8.49  4.89  3.95  191.  100  347   11   60  720    9    0  587   48  377  499  210    0   78  736  2.68
 1994  288  145.6   2580.7 11.37  4.43  4.17  193.  115  339  363   50  748   11    0  790   37  234  671  231  -72   39  759  3.45
 1995  288   68.3   1518.5  6.69  5.56  3.72  180.    0  339    6   67  722    7    0  476   43  486  404  189    9  114  735  2.10
 1996  289  138.6   2439.0 10.74  4.40  3.98  186.  137  347   15   68  742    9    0  581   36  538  494  249  -21  206  739  3.29
 1997  288  130.3   2538.0 11.18  4.87  3.24  195.   75  336  361   41  797   11    0  750   24  216  637  237   -8   17  797  3.18
 1998  288  103.6   2012.3  8.86  4.86  3.87  190.   92  351   12   63  745    9    0  547   26  420  465  252  -24   74  703  2.70
 1999  288   96.7   1697.2  7.48  4.39  4.27  183.  107  351   20   69  700    7    0  453   35  397  385  201   20   44  707  2.42
 2000  289   96.7   1812.4  7.98  4.68  3.11  189.   77  345    7   52  789   10    0  591   36  618  502  225   26  299  793  2.30
 2001  288  115.0   2389.6 10.53  5.19  3.73  188.  138  348   11   63  838   12    0  799   29  276  679  212   -4   57  844  2.85
 2002  288  131.4   2395.5 10.55  4.56  3.23  192.   79  332  361   41  738   10    0  705   20  241  599  202  -12   54  747  3.25
 2003  288  108.2   1980.9  8.73  4.58  3.15  189.   77  345    3   52  714    9    0  564   36  443  479  239  -27  139  717  2.77
 2004  289  138.8   2655.6 11.70  4.78  3.46  184.  108  342    6   52  866    9    0  719   44  547  611  212  -42  186  884  3.07
 2005  288  124.9   2173.4  9.57  4.35  2.92  193.   76  339  364   39  827   12    0  872   28  355  672  202  -10  136  820  2.63
 2006  288  115.2   2209.9  9.74  4.80  3.43  193.   93  336  365   41  795   10    0  689   36  336  585  192    6   92  788  2.78
 2007  288   78.1   1643.6  7.24  5.26  4.11  183.    0  338    4   55  693    6    0  417   39  475  355  216   -5   75  696  2.37
 2008  289  113.1   2086.0  9.19  4.61  2.87  190.   91  342    6   50  769   11    0  727   37  415  618  235   -5  183  787  2.71
 2009  288  132.4   2561.0 11.28  4.83  3.29  183.   97  333  359   40  771   10    0  700   42  434  595  239  -44  148  787  3.32
 2010  288  119.1   2355.1 10.37  4.94  3.24  189.   93  345   12   62  787   10    0  686   42  366  583  213   -6   89  792  2.99
 2011  288   96.1   2042.2  9.00  5.31  3.12  179.  117  340   10   75  675    6    0  403   57  569  342  211   17  187  696  3.03

  << END-OF-FILE  >>
