 ETo studies - Emerald - 80mm deficit - 7 day avg ETo foreca

 Simulation run:- 25 Mar 2014  11:09   (OZCOT ver 2011, 9, 1, 0)              

 Mode 2: analysis of strategy, risk or "what if" scenario.
 Using met data file with id "  EMER", starting on day   1, 1960.
 APSIM 2001 format. Latitude  -23.47, Longitude  148.15.
 Variety S71B; Rowspacing 1.0 m;  12 plants per m row; sowing depth 5.0 cm.
 Irrigated crop; solid plant.
 Sowing on day 269, specified in AGRON.INP file.
 OZCOT decides when to irrigate.
 Water up   1 days after sowing.
 Crop irrigated at  80 mm deficit; allocation  12.0 Ml per ha; efficiency  85%.
 No irrigation until   5 days after 1st square; nor after  60% bolls open.
 Soil nitrogen  200. kg per ha;
 Fertiliser N  100. kg per ha applied on day 360.
 Soil water not reset at start of season.

 *******************************************************************************************************************


 YEAR SOWN   BOLL  LINT_Kg BALES  SCBO  MLAI  NUPT  MAT  DFS  DFF  DFB   ET NoIR PREI IRIG NoRD RAIN IRSW SWDE  dSW RUNO TOTI   WUE

 1960  269  139.2   2553.0 11.25  4.58  3.70  198.   49  311  335   17  765    7    0  606   48  471  515  259  -53  128  765  3.34
 1961  268  140.2   2722.6 11.99  4.85  3.72  201.   45  308  333   13  790    7    0  624   52  383  530  243  -46   52  793  3.45
 1962  268  128.5   2556.4 11.26  4.97  2.51  206.   37  309  330    9  594    6    0  530   44  276  450  250  -68   34  611  4.30
 1963  268  143.6   2967.0 13.07  5.17  3.59  203.   43  311  337   18  706    8    0  686   35  195  583  234  -12   40  693  4.20
 1964  269  154.8   3038.6 13.39  4.91  2.97  204.   64  313  338   23  943    9    0  897   52  323  762  246  -70   46  948  3.22
 1965  268  147.8   2825.8 12.45  4.78  3.63  208.   42  309  331   18  610    6    0  511   39  281  434  241  -41   47  612  4.63
 1966  268  157.7   2856.5 12.58  4.53  3.47  207.   47  314  340   20  770    7    0  668   33  303  568  240  -43   46  769  3.71
 1967  268  145.2   2807.7 12.37  4.83  2.78  203.   46  309  334   15  713    7    0  673   29  350  572  259  -65  120  712  3.94
 1968  269  144.0   2555.2 11.26  4.44  2.98  205.   43  313  335   11  677    9    0  798   11  158  597  247  -35   24  673  3.77
 1969  268  148.9   2733.6 12.04  4.59  2.53  207.   35  311  335   17  689    6    0  507   28  345  431  256  -57   15  682  3.97
 1970  268  143.2   2758.5 12.15  4.81  2.89  205.   40  310  335   21  709    6    0  519   35  355  441  238   -7   72  701  3.89
 1971  268  135.0   2666.1 11.74  4.94  3.13  204.   56  308  331   10  713    7    0  567   36  328  482  232    2   75  712  3.74
 1972  269  159.3   2802.9 12.35  4.40  2.60  206.   39  309  332   13  703    8    0  707   22  183  601  245  -49   17  705  3.99
 1973  268   72.9   1276.8  5.62  4.38  3.09  194.   29  308  333    8  534    3    0  260   49  725  221  259  -52  318  539  2.39
 1974  268  159.8   2687.7 11.84  4.21  3.65  197.   70  314  340   19  836    8    0  724   37  651  521  182   11  317  836  3.21
 1975  268  133.8   2637.2 11.62  4.93  3.29  197.   86  310  334   12  882    6    0  576   59  693  490  238  -41  213  895  2.99
 1976  269  152.6   2856.6 12.58  4.68  2.34  205.   51  312  335   14  835    8    0  813   36  364  691  259 -100  102  826  3.42
 1977  268  144.4   2753.5 12.13  4.77  2.77  204.   44  308  330   11  749    7    0  620   29  405  527  172   26  190  747  3.68
 1978  268  146.2   2871.6 12.65  4.91  3.00  206.   50  313  338   21  727    6    0  526   35  362  447  201   30   96  724  3.95
 1979  268  146.9   2472.3 10.89  4.21  2.36  204.   43  309  330    6  709    7    0  679   32  412  577  252 -111  150  712  3.49
 1980  269  124.1   2461.1 10.84  4.96  2.53  208.   36  307  330    6  534    4    0  381   26  289  324  214  -29   41  529  4.61
 1981  268  145.6   2822.7 12.43  4.85  2.43  208.   44  311  334   12  819    7    0  693   24  344  589  245  -52   50  815  3.45
 1982  268  211.3   2668.4 11.76  3.16  2.75  205.   79  312  334   11  953   11    0  998   21  297  849  251  -50  123  953  2.80
 1983  268  153.1   3044.4 13.41  4.97  3.86  207.   44  308  334   21  732    6    0  564   30  333  480  239  -39   31  712  4.16
 1984  269  147.0   3063.9 13.50  5.21  2.73  209.   47  314  339   14  821    8    0  711   24  269  605  246  -14   31  811  3.73
 1985  268  147.2   3133.6 13.80  5.32  2.56  208.   42  313  335   17  782    8    0  711   32  236  604  244  -46    2  774  4.01
 1986  268  140.8   2377.2 10.47  4.22  2.24  205.   32  309  335   16  716    7    0  648   34  339  551  244  -42  106  717  3.32
 1987  268  140.8   2747.3 12.10  4.88  2.31  202.   52  308  334   11  889    9    0  879   28  326  748  243  -73   92  889  3.09
 1988  269  132.0   2599.4 11.45  4.92  3.01  205.   35  306  331   11  665    6    0  485   29  374  412  259  -35   71  653  3.91
 1989  268  144.4   2920.0 12.86  5.06  2.94  203.   38  309  336   18  834    9    0  852   29  217  724  241  -49   44  825  3.50
 1990  268   84.9   1433.9  6.32  4.22  1.57  203.   39  308  330    4  531    5    0  460   34  429  391  218  -20  242  526  2.70
 1991  268  168.6   2811.6 12.39  4.17  3.04  203.   47  306  327    5  870    8    0  753   25  352  640  240  -70   30  872  3.23
 1992  269  207.8   2654.1 11.69  3.19  3.73  206.   90  311  334   12 1050   12    0 1094   30  227  930  247  -34   59 1046  2.53
 1993  268  163.7   2512.5 11.07  3.84  3.08  201.   37  310  334   14  772    9    0  804   27  228  684  245  -48   70  774  3.25
 1994  268  145.6   2577.9 11.36  4.43  2.48  206.   31  309  331    9  670    8    0  704   21  154  598  249  -49   18  660  3.85
 1995  268  108.8   1762.6  7.76  4.05  2.64  204.   30  310  332    6  685    6    0  519   31  458  441  179   16  206  690  2.57
 1996  269  145.2   3034.0 13.37  5.22  2.80  205.   41  311  335   16  763    8    0  743   34  335  631  245  -77  113  761  3.98
 1997  268  141.6   2714.3 11.96  4.79  2.48  210.   33  307  331   15  643    6    0  546   29  139  464  168   44    0  638  4.22
 1998  268  163.9   2764.5 12.18  4.22  4.09  200.   77  310  336   16  997    8    0  718   45  626  611  231   22  214 1013  2.77
 1999  268  143.2   2686.6 11.84  4.69  3.51  206.   47  308  336   20  727    7    0  749   28  380  637  259 -130  148  719  3.70
 2000  269  146.0   2761.4 12.16  4.73  3.86  195.   51  309  336   20  761    7    0  701   39  379  596  214  -43  137  757  3.63
 2001  268  162.5   2362.4 10.41  3.63  2.44  203.   43  308  333    6  846   10    0  961   34  239  734  238  -95   20  840  2.79
 2002  268  140.0   2729.3 12.02  4.87  2.22  207.   29  307  331    6  609    8    0  689    7   72  585  243  -36    2  603  4.48
 2003  268  124.5   2068.8  9.11  4.16  2.93  205.   31  307  330   10  676    6    0  499   29  390  424  254  -55   67  672  3.06
 2004  269  128.0   2311.1 10.18  4.51  3.02  204.   28  308  331    8  626    6    0  616   31  308  441  242  -80   25  629  3.69
 2005  268  154.6   2494.6 10.99  4.03  2.18  208.   30  306  329    6  762    7    0  646   28  278  549  208   -7   44  759  3.27
 2006  268  132.3   2436.2 10.73  4.61  2.65  203.   35  308  332   17  585    5    0  488   25  345  415  253  -75   77  587  4.16
 2007  268  115.4   1982.1  8.73  4.29  3.49  210.   37  307  334   13  621    4    0  347   54  621  295  252  -39  244  608  3.19
 2008  269  117.8   2136.3  9.41  4.53  3.16  201.   33  311  335   17  596    4    0  350   40  376  297  213   -1   62  592  3.58
 2009  268  102.8   1975.5  8.70  4.80  2.25  210.   32  309  332    9  515    5    0  411   35  239  350  256  -63    1  506  3.84
 2010  268  142.5   2686.2 11.83  4.71  3.83  194.   57  312  341   20  751    6    0  442   81  622  376  244   14  226  739  3.58
 2011  268  131.3   2280.0 10.04  4.34  3.81  207.   35  311  334   19  616    5    0  405   41  349  344  230  -32   26  612  3.70

  << END-OF-FILE  >>
