 ETo studies - 120mm deficit - 5 day avg ETo forecast - 40% 

 Simulation run:- 25 Mar 2014  11:07   (OZCOT ver 2011, 9, 1, 0)              

 Mode 2: analysis of strategy, risk or "what if" scenario.
 Using met data file with id "  Myal", starting on day   1, 1960.
 APSIM 2001 format. Latitude  -30.10, Longitude  149.35.
 Variety S71B; Rowspacing 1.0 m;  12 plants per m row; sowing depth 5.0 cm.
 Irrigated crop; solid plant.
 Sowing on day 289, specified in AGRON.INP file.
 OZCOT decides when to irrigate.
 Water up   1 days after sowing.
 Crop irrigated at 120 mm deficit; allocation  12.0 Ml per ha; efficiency  85%.
 No irrigation until   5 days after 1st square; nor after  60% bolls open.
 Soil nitrogen  200. kg per ha;
 Fertiliser N  100. kg per ha applied on day 360.
 Soil water not reset at start of season.

 *******************************************************************************************************************


 YEAR SOWN   BOLL  LINT_Kg BALES  SCBO  MLAI  NUPT  MAT  DFS  DFF  DFB   ET NoIR PREI IRIG NoRD RAIN IRSW SWDE  dSW RUNO TOTI   WUE

 1960  289  160.1   3067.7 13.51  4.79  2.89  206.   86  339    2   51  750    5    0  475   34  378  404  176   25   44  732  4.09
 1961  288  140.4   2637.8 11.62  4.70  3.67  198.   72  331  359   51  648    3    0  502   50  604  427  255 -148  207  651  4.07
 1962  288  150.5   2846.4 12.54  4.73  3.57  209.   86  337    3   54  673    4    0  485   51  350  412  280  -45   27  661  4.23
 1963  288  145.9   2915.8 12.84  5.00  2.64  201.   90  336  363   51  829    5    0  564   34  446  479  210   41  108  821  3.52
 1964  289  144.1   2835.0 12.49  4.92  2.58  203.   86  344    5   54  761    7    0  676   24  167  574  184   74   35  739  3.73
 1965  288  152.0   2726.9 12.01  4.48  3.19  199.   80  333  360   45  824    7    0  917   27  197  779  222  -90   31  831  3.31
 1966  288  142.4   2734.8 12.05  4.80  2.28  203.   71  339    1   47  699    5    0  505   46  315  429  262   16   33  705  3.91
 1967  288  152.2   2714.1 11.96  4.46  2.52  201.  106  332  359   44  809    6    0  753   41  306  640  252  -24   80  816  3.35
 1968  289  131.2   2599.7 11.45  4.95  2.06  200.   69  334  360   42  701    7    0  704   29  154  598  268  -33    2  690  3.71
 1969  288  144.1   3121.5 13.75  5.41  2.92  205.   85  340    1   52  750    6    0  677   43  317  575  261   -6  116  740  4.16
 1970  288   95.2   1923.1  8.47  5.05  3.22  188.  104  339    5   54  765    3    0  380   56  601  323  270  -15   96  766  2.51
 1971  288  160.8   3072.0 13.53  4.78  3.84  199.  108  342    4   62  726    5    0  684   44  239  581  275  -65    4  723  4.23
 1972  289  137.3   2376.4 10.47  4.33  2.50  208.   67  337  360   40  692    4    0  450   48  523  383  264  -35  154  695  3.43
 1973  288  139.6   2984.1 13.15  5.35  3.70  203.  102  334  360   51  855    4    0  501   50  608  426  158   66  223  854  3.49
 1974  288  125.3   2493.4 10.98  4.98  2.89  206.   90  343    2   56  620    3    0  352   36  338  299  164   11   13  620  4.02
 1975  288  108.3   2251.1  9.92  5.20  3.77  197.  120  335  360   44  716    3    0  560   58  625  476  230 -124  221  727  3.14
 1976  289  128.9   2399.5 10.57  4.65  3.25  201.   80  344    2   53  693    4    0  344   51  583  292  210   30  165  705  3.46
 1977  288  126.7   2823.9 12.44  5.57  2.76  204.   72  333  356   41  723    5    0  583   39  278  495  264  -31    7  714  3.91
 1978  288  152.4   3025.5 13.33  4.96  2.77  206.   81  341    4   54  780    7    0  703   36  246  597  257  -10   31  754  3.88
 1979  288  137.4   2686.9 11.84  4.89  2.25  208.   69  332  353   38  704    6    0  567   33  145  482  128   97    4  703  3.82
 1980  289  159.8   2779.1 12.24  4.35  2.22  205.   64  333  359   39  716    6    0  821   34  271  698  251 -158   73  720  3.88
 1981  288  106.4   2001.0  8.81  4.70  2.53  202.   71  340  364   43  621    4    0  387   44  356  329  222   -6   37  610  3.22
 1982  288  171.6   2744.4 12.09  4.00  2.69  202.   83  333  357   37  784    7    0  771   38  175  655  171  -28    1  787  3.50
 1983  288  138.9   2849.6 12.55  5.13  4.20  212.  130  340    3   55  771    3    0  303   69  453  258  176   94   23  745  3.70
 1984  289  133.3   2969.6 13.08  5.57  1.90  205.   81  338  364   49  716    6    0  671   44  137  571  165   24    0  714  4.15
 1985  288  156.7   3221.5 14.19  5.14  2.98  200.   86  338  365   51  887    8    0  913   48  264  776  268  -84   43  886  3.63
 1986  288  114.2   2106.1  9.28  4.61  2.19  206.   68  342    3   45  615    5    0  559   44  185  475  254   -6   21  610  3.42
 1987  288  142.6   2585.7 11.39  4.53  3.53  202.   97  338  362   45  747    5    0  560   48  418  476  235    2  124  732  3.46
 1988  289  154.5   3214.9 14.16  5.20  3.42  205.   78  334  358   42  748    6    0  742   31  186  630  273  -42    7  746  4.30
 1989  288  142.7   2923.1 12.88  5.12  2.50  206.   86  335  360   41  740    5    0  632   40  178  537  154   44    1  722  3.95
 1990  288  184.3   2752.9 12.13  3.73  3.83  205.  131  334  356   36  843    5    0  620   31  275  527  127   80   13  822  3.27
 1991  288  141.2   2756.1 12.14  4.88  2.94  201.  108  331  360   41  879    6    0  752   37  394  639  180   36  156  880  3.14
 1992  289  152.9   2915.7 12.84  4.77  2.21  205.   92  342    2   43  842    6    0  727   54  296  618  171  -11   34  847  3.46
 1993  288  136.3   2789.6 12.29  5.12  2.90  200.   79  336  363   50  729    6    0  525   52  311  447  228   35    6  758  3.83
 1994  288  136.3   2837.5 12.50  5.20  3.50  199.  105  333  356   43  761    5    0  626   40  365  532  147    9  122  768  3.73
 1995  288  156.9   3054.3 13.46  4.87  3.08  198.   87  333  363   44  802    4    0  550   49  492  467  262  -85   33  808  3.81
 1996  289  141.9   2957.8 13.03  5.21  3.59  198.  112  338  365   53  840    5    0  533   42  425  453  140  113  125  826  3.52
 1997  288  152.6   2910.8 12.82  4.77  2.67  201.   66  332  354   35  768    5    0  575   36  340  489  207  -30   12  769  3.79
 1998  288  132.4   2544.6 11.21  4.80  3.33  202.   95  342  365   47  732    4    0  401   49  383  341  220   38    6  712  3.48
 1999  288  138.5   2629.3 11.58  4.75  3.06  208.   91  341    8   55  781    4    0  466   48  369  396  187   65   32  774  3.37
 2000  289  145.5   2759.0 12.15  4.74  1.97  203.   79  338  361   42  756    5    0  553   50  454  470  145   25  158  764  3.65
 2001  288  130.5   2889.4 12.73  5.53  2.29  205.   76  339  365   44  751    6    0  772   39  271  657  235 -101   55  754  3.85
 2002  288  150.3   2500.3 11.01  4.16  2.38  204.   57  329  354   37  653    6    0  654   28  215  556  265  -82   19  654  3.83
 2003  288  151.9   2355.9 10.38  3.88  3.20  205.   76  337  360   37  691    4    0  364   39  393  309  197   30   29  690  3.41
 2004  289  135.8   2835.0 12.49  5.22  2.85  201.   81  336  363   49  868    6    0  820   39  524  697  204  -61  251  881  3.27
 2005  288  126.4   2154.1  9.49  4.26  2.88  202.   63  333  358   31  735    7    0  689   41  322  460  193   24   48  730  2.93
 2006  288  138.9   2742.9 12.08  4.94  2.27  205.   75  332  356   34  722    7    0  771   45  133  656  265  -54    0  714  3.80
 2007  288  136.4   2851.8 12.56  5.23  3.88  206.   89  332  360   44  804    4    0  486   68  412  413  199   24   24  804  3.55
 2008  289  157.9   2729.8 12.03  4.32  3.47  202.   90  336  363   39  931    7    0  721   44  348  613  142   31   30  938  2.93
 2009  288  177.5   2793.0 12.30  3.93  3.97  203.  122  330  352   37  792    4    0  607   50  450  516  136  -32  109  802  3.53
 2010  288  159.8   2784.6 12.27  4.36  3.13  199.   78  340    3   47  865    6    0  772   52  432  656  185  -36  149  874  3.22
 2011  288  150.1   2585.5 11.39  4.31  3.79  186.  120  332  365   55  825    4    0  553   64  654  470  213   -5  213  872  3.13

  << END-OF-FILE  >>
