 ETo studies - Control 80mm deficit - No Modifications for E

 Simulation run:- 25 Mar 2014  11:07   (OZCOT ver 2011, 9, 1, 0)              

 Mode 2: analysis of strategy, risk or "what if" scenario.
 Using met data file with id "  Myal", starting on day   1, 1960.
 APSIM 2001 format. Latitude  -30.10, Longitude  149.35.
 Variety S71B; Rowspacing 1.0 m;  12 plants per m row; sowing depth 5.0 cm.
 Irrigated crop; solid plant.
 Sowing on day 289, specified in AGRON.INP file.
 OZCOT decides when to irrigate.
 Water up   1 days after sowing.
 Crop irrigated at  80 mm deficit; allocation  12.0 Ml per ha; efficiency  85%.
 No irrigation until   5 days after 1st square; nor after  60% bolls open.
 Soil nitrogen  200. kg per ha;
 Fertiliser N  100. kg per ha applied on day 360.
 Soil water not reset at start of season.

 *******************************************************************************************************************


 YEAR SOWN   BOLL  LINT_Kg BALES  SCBO  MLAI  NUPT  MAT  DFS  DFF  DFB   ET NoIR PREI IRIG NoRD RAIN IRSW SWDE  dSW RUNO TOTI   WUE

 1960  289  132.5   2466.4 10.87  4.65  2.97  198.   85  339    2   50  766    8    0  716   33  377  609  280  -78  104  758  3.22
 1961  288  143.2   2602.0 11.46  4.54  3.87  200.   71  331  359   51  643    5    0  487   50  604  414  279  -84  258  645  4.05
 1962  288  123.7   2396.6 10.56  4.84  3.21  193.  102  337    3   57  715    6    0  538   55  432  457  238    3  129  719  3.35
 1963  288  147.2   2866.6 12.63  4.87  3.46  195.   99  336  363   50  875   10    0  869   34  446  739  268  -24  235  868  3.28
 1964  289  157.7   3193.7 14.07  5.06  2.71  200.   89  344    5   54  814    9    0  769   24  167  653  215   43   29  792  3.92
 1965  288  153.4   2737.6 12.06  4.46  3.37  198.   79  333  360   43  814   10    0  947   27  197  805  270  -96   60  819  3.36
 1966  288  134.1   2483.9 10.94  4.63  3.28  202.   81  339    1   45  775    7    0  592   46  315  503  213   67   81  772  3.21
 1967  288  139.9   2777.5 12.24  4.96  3.22  196.   87  332  359   44  758    8    0  763   41  306  648  265  -76   90  759  3.66
 1968  289  142.7   2614.1 11.52  4.58  2.11  202.   61  334  360   41  661    8    0  696   29  154  592  258  -23   42  657  3.95
 1969  288  151.7   2844.0 12.53  4.69  3.48  201.   89  340    1   53  800    9    0  782   43  317  665  275  -35  116  789  3.55
 1970  288   77.6   1690.6  7.45  5.44  2.55  173.   85  339    5   58  695    4    0  327   54  600  278  213   41  158  709  2.43
 1971  288  115.2   2231.8  9.83  4.84  5.38  192.  139  342    4   59  788    8    0  753   46  253  640  225  -59    0  800  2.83
 1972  289  126.7   2007.6  8.84  3.96  2.68  195.   70  337  360   38  763    8    0  752   49  523  522  210   -7  221  776  2.63
 1973  288  141.6   2668.0 11.75  4.71  4.02  198.  106  334  360   49  860    7    0  618   50  608  525  250    9  237  856  3.10
 1974  288  117.8   2013.3  8.87  4.27  3.66  203.   77  343    2   46  659    7    0  600   30  270  510  268  -41   51  649  3.06
 1975  288  118.1   2423.7 10.68  5.13  4.11  193.   87  335  360   44  677    5    0  414   57  622  271  239  -17  159  678  3.58
 1976  289  134.3   2537.8 11.18  4.72  3.46  202.   79  344    2   53  688    5    0  399   50  583  340  212   35  225  699  3.69
 1977  288  154.7   2626.2 11.57  4.24  3.58  200.   92  333  356   35  795    7    0  643   48  321  547  249  -15   18  799  3.30
 1978  288  148.4   3035.5 13.37  5.11  2.76  200.   90  341    4   52  844    9    0  806   38  261  589  195   52   32  819  3.60
 1979  288  146.1   2802.5 12.35  4.80  2.17  204.   61  332  353   37  700    8    0  708   33  145  602  256  -27    4  694  4.00
 1980  289  146.8   2424.0 10.68  4.13  2.85  196.   75  333  359   39  822    8    0  812   34  271  690  209  -29   70  832  2.95
 1981  288  115.5   2058.3  9.07  4.45  2.28  195.   67  340  364   43  695    7    0  675   40  335  574  252  -81   94  697  2.96
 1982  288  139.3   2689.9 11.85  4.83  2.67  197.   79  333  357   41  762    9    0  833   36  149  708  266  -65    3  758  3.53
 1983  288  114.4   2302.5 10.14  5.03  4.13  197.  130  340    3   49  791    6    0  497   69  453  422  228   42   79  775  2.91
 1984  289  150.3   3035.9 13.37  5.05  2.28  198.   75  338  364   43  760    9    0  819   44  137  697  255  -49    0  756  3.99
 1985  288  155.2   2874.6 12.66  4.63  2.94  196.   88  338  365   45  902    9    0  825   48  264  701  196   51   80  905  3.19
 1986  288  129.0   2471.8 10.89  4.79  3.38  201.   86  342    3   44  767    8    0  709   51  229  603  238  -35    6  769  3.22
 1987  288  145.7   2670.6 11.76  4.58  3.85  197.  100  338  362   39  752    7    0  639   50  442  543  280  -44  133  751  3.55
 1988  289  158.3   2790.6 12.29  4.41  3.52  197.   84  334  358   45  818   10    0  881   31  186  749  270  -40   48  806  3.41
 1989  288  134.2   2680.8 11.81  4.99  2.98  200.   92  335  360   41  853    9    0  839   45  193  713  227  -28    0  837  3.14
 1990  288  125.8   2471.6 10.89  4.91  2.80  204.   59  334  356   34  638    7    0  627   23  223  533  262  -55   45  616  3.87
 1991  288  133.5   2588.0 11.40  4.85  3.61  197.   96  331  360   41  874    9    0  866   36  393  647  200   16  148  861  2.96
 1992  289  166.4   2625.9 11.57  3.94  4.26  197.  106  342    2   46  969   10    0  899   54  296  764  221   -2   42  980  2.71
 1993  288  115.6   2208.5  9.73  4.78  3.09  197.   68  336  363   42  687    7    0  598   51  297  509  280   -2   58  706  3.21
 1994  288  153.3   2676.5 11.79  4.36  3.86  199.  115  333  356   43  808    9    0  811   42  365  689  273  -80  128  815  3.31
 1995  288  135.3   2565.0 11.30  4.74  3.67  188.  104  333  363   49  850    8    0  746   49  492  634  256  -20  188  859  3.02
 1996  289  171.1   2586.8 11.40  3.78  4.28  194.  132  338  365   45  869    9    0  818   44  429  696  249    5  206  856  2.98
 1997  288  142.6   2458.5 10.83  4.31  2.75  196.   64  332  354   33  793    8    0  722   36  340  481  196   61   64  790  3.10
 1998  288  137.0   2688.5 11.84  4.91  2.70  202.   79  342  365   44  737    6    0  471   41  306  401  203   55    3  705  3.65
 1999  288  137.2   2740.0 12.07  4.99  3.26  198.   91  341    8   58  814    8    0  650   48  369  552  260    0   79  807  3.37
 2000  289  151.7   2488.5 10.96  4.10  3.61  199.   95  338  361   35  916   10    0  883   54  465  751  233   -3  249  925  2.72
 2001  288  136.0   2647.2 11.66  4.87  2.54  203.   78  339  365   47  806    8    0  769   39  271  653  269  -50   55  796  3.28
 2002  288  160.7   2697.8 11.88  4.20  2.60  202.   56  329  354   34  688    8    0  744   27  214  632  272  -74   70  684  3.92
 2003  288  126.4   2105.0  9.27  4.16  2.29  196.   73  337  360   42  660    6    0  539   36  358  458  258  -27  101  661  3.19
 2004  289  161.6   2966.4 13.07  4.59  3.54  197.   88  336  363   49  922    9    0  854   39  524  726  276  -58  236  919  3.22
 2005  288  126.3   1953.6  8.61  3.87  2.53  201.   63  333  358   31  741    8    0  762   41  322  564  272  -55   60  725  2.64
 2006  288  132.0   2676.8 11.79  5.07  2.49  202.   67  332  356   39  744    9    0  821   44  121  697  262  -45   15  730  3.60
 2007  288  148.9   2765.0 12.18  4.64  4.49  199.   96  332  360   44  821    7    0  651   68  412  470  218    6   36  819  3.37
 2008  289  132.3   2438.9 10.74  4.61  3.63  201.   72  336  363   42  828    7    0  643   41  329  547  198   37   53  833  2.95
 2009  288  126.7   2421.4 10.67  4.78  2.50  199.   61  330  352   39  624    6    0  625   40  394  531  280 -155  117  624  3.88
 2010  288  172.1   2696.1 11.88  3.92  3.14  193.   82  340    3   48  881    8    0  730   55  448  620  245    7  149  887  3.06
 2011  288  110.9   2454.7 10.81  5.53  3.25  181.  107  332  365   53  810    7    0  607   59  639  516  256    5  250  861  3.03

  << END-OF-FILE  >>
